<?xml version="1.0" encoding="UTF-8"?>
<!-- Generated by org.testng.reporters.JUnitReportReporter -->
<testsuite hostname="DESKTOP-38JQG8D" failures="0" tests="4" name="com.TNG.TestCases.Register" time="25.713" errors="0" timestamp="2024-06-12T20:20:54 IST" skipped="0">
  <testcase classname="com.TNG.TestCases.Register" name="VerifyRegisteringanAccountwithMandstoryFields" time="6.533"/>
  <testcase classname="com.TNG.TestCases.Register" name="VerifyRegisterAccountwithallFields" time="8.337"/>
  <testcase classname="com.TNG.TestCases.Register" name="VerifyRegisterAccountWithExistingEmailAddress" time="5.198"/>
  <testcase classname="com.TNG.TestCases.Register" name="VerifyRegisteringAccountWithoutfillingAnyDetails" time="5.645"/>
</testsuite> <!-- com.TNG.TestCases.Register -->
