<?xml version="1.0" encoding="UTF-8"?>
<!-- Generated by org.testng.reporters.JUnitReportReporter -->
<testsuite hostname="DESKTOP-38JQG8D" failures="0" tests="1" name="com.TNG.TestCases.VerifyTextOnHomePage$VerifyLearnMoreButton" time="0.218" errors="0" timestamp="2024-06-19T17:18:48 IST" skipped="0">
  <testcase classname="com.TNG.TestCases.VerifyTextOnHomePage$VerifyLearnMoreButton" name="VerifyLearnMoreButton" time="0.218"/>
</testsuite> <!-- com.TNG.TestCases.VerifyTextOnHomePage$VerifyLearnMoreButton -->
