<?xml version="1.0" encoding="UTF-8"?>
<!-- Generated by org.testng.reporters.JUnitReportReporter -->
<testsuite hostname="DESKTOP-38JQG8D" failures="0" tests="1" name="com.TNG.TestCases.VerifyNewsLink" time="3.068" errors="0" timestamp="2024-06-19T17:12:03 IST" skipped="0">
  <testcase classname="com.TNG.TestCases.VerifyNewsLink" name="clickonNewslink" time="3.068"/>
</testsuite> <!-- com.TNG.TestCases.VerifyNewsLink -->
